<?xml version="1.0" encoding="UTF-8"?>
<!-- Generated by org.testng.reporters.JUnitReportReporter -->
<testsuite hostname="DESKTOP-DKGM47G" failures="0" tests="9" name="DealsAutomation" time="8.185" errors="0" timestamp="2022-08-10T10:41:31 ART" skipped="0">
  <testcase classname="DealsAutomation" name="CrearResincronizacionAR" time="2.735"/>
  <system-out/>
  <testcase classname="DealsAutomation" name="asaaar" time="0.001"/>
  <system-out/>
  <testcase classname="DealsAutomation" name="CrearResincronizacionUY" time="0.808"/>
  <system-out/>
  <testcase classname="DealsAutomation" name="EjecutarresincroAR" time="0.717"/>
  <system-out/>
  <testcase classname="DealsAutomation" name="ProcesarDealsAZURE" time="2.486"/>
  <system-out/>
  <testcase classname="DealsAutomation" name="GuardarDeal" time="0.740"/>
  <system-out/>
  <testcase classname="DealsAutomation" name="EjecutarresincroPY" time="0.001"/>
  <system-out/>
  <testcase classname="DealsAutomation" name="CrearResincronizacionPY" time="0.696"/>
  <system-out/>
  <testcase classname="DealsAutomation" name="EjecutarresincroUY" time="0.001"/>
  <system-out/>
</testsuite> <!-- DealsAutomation -->
