<?xml version="1.0" encoding="UTF-8"?>
<!-- Generated by org.testng.reporters.JUnitReportReporter -->
<testsuite hostname="DESKTOP-DKGM47G" failures="0" tests="6" name="DealsAutomation" time="6.352" errors="0" timestamp="2022-08-08T09:05:43 ART" skipped="0">
  <testcase classname="DealsAutomation" name="CrearResincronizacionPY" time="0.001"/>
  <system-out/>
  <testcase classname="DealsAutomation" name="GuardarDeal" time="3.617"/>
  <system-out/>
  <testcase classname="DealsAutomation" name="CrearResincronizacionAR" time="0.008"/>
  <system-out/>
  <testcase classname="DealsAutomation" name="CrearResincronizacionUY" time="0.001"/>
  <system-out/>
  <testcase classname="DealsAutomation" name="ProcesarDealsAZURE" time="2.723"/>
  <system-out/>
  <testcase classname="DealsAutomation" name="aaaar" time="0.002"/>
  <system-out/>
</testsuite> <!-- DealsAutomation -->
