<?xml version="1.0" encoding="UTF-8"?>
<!-- Generated by org.testng.reporters.JUnitReportReporter -->
<testsuite hostname="DESKTOP-DKGM47G" failures="0" tests="2" name="DealsAutomation" time="6.311" errors="0" timestamp="2022-08-05T15:20:38 ART" skipped="0">
  <testcase classname="DealsAutomation" name="ProcesarDealsAZURE" time="2.715"/>
  <system-out/>
  <testcase classname="DealsAutomation" name="GuardarDeal" time="3.596"/>
  <system-out/>
</testsuite> <!-- DealsAutomation -->
