<?xml version="1.0" encoding="UTF-8"?>
<!-- Generated by org.testng.reporters.JUnitReportReporter -->
<testsuite hostname="DESKTOP-DKGM47G" failures="0" tests="12" name="DealsAutomation" time="13.071" errors="0" timestamp="2022-08-11T12:26:50 ART" skipped="0">
  <testcase classname="DealsAutomation" name="asaaawr" time="0.001"/>
  <system-out/>
  <testcase classname="DealsAutomation" name="ProcesarDealsAZURE" time="3.192"/>
  <system-out/>
  <testcase classname="DealsAutomation" name="CrearResincosinPais" time="0.940"/>
  <system-out/>
  <testcase classname="DealsAutomation" name="CrearResincosinClientes" time="3.104"/>
  <system-out/>
  <testcase classname="DealsAutomation" name="CrearResincronizacionAR" time="1.016"/>
  <system-out/>
  <testcase classname="DealsAutomation" name="EjecutarresincroAR" time="0.779"/>
  <system-out/>
  <testcase classname="DealsAutomation" name="EjecutarresincroUY" time="0.776"/>
  <system-out/>
  <testcase classname="DealsAutomation" name="asaaar" time="0.001"/>
  <system-out/>
  <testcase classname="DealsAutomation" name="EjecutarresincroPY" time="0.747"/>
  <system-out/>
  <testcase classname="DealsAutomation" name="CrearResincronizacionUY" time="0.866"/>
  <system-out/>
  <testcase classname="DealsAutomation" name="GuardarDeal" time="0.763"/>
  <system-out/>
  <testcase classname="DealsAutomation" name="CrearResincronizacionPY" time="0.886"/>
  <system-out/>
</testsuite> <!-- DealsAutomation -->
