<?xml version="1.0" encoding="UTF-8"?>
<!-- Generated by org.testng.reporters.JUnitReportReporter -->
<testsuite hostname="DESKTOP-DKGM47G" failures="0" tests="2" name="DealsAutomation" time="5.061" errors="0" timestamp="2022-08-02T16:41:55 ART" skipped="0">
  <testcase classname="DealsAutomation" name="ProcesarDealsAZURE" time="1.087"/>
  <system-out/>
  <testcase classname="DealsAutomation" name="GuardarDeal" time="3.974"/>
  <system-out/>
</testsuite> <!-- DealsAutomation -->
