<?xml version="1.0" encoding="UTF-8"?>
<!-- Generated by org.testng.reporters.JUnitReportReporter -->
<testsuite hostname="DESKTOP-DKGM47G" failures="0" tests="12" name="DealsAutomation" time="13.330" errors="0" timestamp="2022-08-22T23:15:53 ART" skipped="0">
  <testcase classname="DealsAutomation" name="CrearResincronizacionAR" time="0.835"/>
  <system-out/>
  <testcase classname="DealsAutomation" name="CrearResincronizacionPY" time="0.996"/>
  <system-out/>
  <testcase classname="DealsAutomation" name="ProcesarDealsAZURE" time="2.325"/>
  <system-out/>
  <testcase classname="DealsAutomation" name="CrearResincosinClientes" time="4.280"/>
  <system-out/>
  <testcase classname="DealsAutomation" name="EjecutarresincroAR" time="0.773"/>
  <system-out/>
  <testcase classname="DealsAutomation" name="EjecutarresincroUY" time="1.154"/>
  <system-out/>
  <testcase classname="DealsAutomation" name="EjecutarresincroPY" time="0.707"/>
  <system-out/>
  <testcase classname="DealsAutomation" name="asaaar" time="0.000"/>
  <system-out/>
  <testcase classname="DealsAutomation" name="asaaawr" time="0.000"/>
  <system-out/>
  <testcase classname="DealsAutomation" name="CrearResincosinPais" time="0.781"/>
  <system-out/>
  <testcase classname="DealsAutomation" name="CrearResincronizacionUY" time="0.759"/>
  <system-out/>
  <testcase classname="DealsAutomation" name="GuardarDeal" time="0.720"/>
  <system-out/>
</testsuite> <!-- DealsAutomation -->
