<?xml version="1.0" encoding="UTF-8"?>
<!-- Generated by org.testng.reporters.JUnitReportReporter -->
<testsuite hostname="DESKTOP-DKGM47G" failures="0" tests="12" name="DealsAutomation" time="17.658" errors="0" timestamp="2022-08-16T14:45:08 ART" skipped="0">
  <testcase classname="DealsAutomation" name="CrearResincosinPais" time="0.723"/>
  <system-out/>
  <testcase classname="DealsAutomation" name="CrearResincronizacionAR" time="1.670"/>
  <system-out/>
  <testcase classname="DealsAutomation" name="asaaar" time="0.001"/>
  <system-out/>
  <testcase classname="DealsAutomation" name="CrearResincosinClientes" time="4.306"/>
  <system-out/>
  <testcase classname="DealsAutomation" name="GuardarDeal" time="1.642"/>
  <system-out/>
  <testcase classname="DealsAutomation" name="CrearResincronizacionPY" time="1.257"/>
  <system-out/>
  <testcase classname="DealsAutomation" name="EjecutarresincroAR" time="2.905"/>
  <system-out/>
  <testcase classname="DealsAutomation" name="EjecutarresincroUY" time="0.837"/>
  <system-out/>
  <testcase classname="DealsAutomation" name="asaaawr" time="0.001"/>
  <system-out/>
  <testcase classname="DealsAutomation" name="ProcesarDealsAZURE" time="2.552"/>
  <system-out/>
  <testcase classname="DealsAutomation" name="EjecutarresincroPY" time="1.039"/>
  <system-out/>
  <testcase classname="DealsAutomation" name="CrearResincronizacionUY" time="0.725"/>
  <system-out/>
</testsuite> <!-- DealsAutomation -->
