<?xml version="1.0" encoding="UTF-8"?>
<!-- Generated by org.testng.reporters.JUnitReportReporter -->
<testsuite hostname="DESKTOP-DKGM47G" failures="0" tests="1" name="DealsAutomation" time="2.980" errors="0" timestamp="2022-08-18T16:30:06 ART" skipped="0">
  <testcase classname="DealsAutomation" name="GuardarDeal" time="2.980"/>
  <system-out/>
</testsuite> <!-- DealsAutomation -->
