<?xml version="1.0" encoding="UTF-8"?>
<!-- Generated by org.testng.reporters.JUnitReportReporter -->
<testsuite hostname="DESKTOP-DKGM47G" failures="0" tests="8" name="Resincronizacion" time="9.647" errors="0" timestamp="2022-08-23T09:03:00 ART" skipped="0">
  <testcase classname="Resincronizacion" name="CrearResincosinClientes" time="4.284"/>
  <system-out/>
  <testcase classname="Resincronizacion" name="CrearResincronizacionPY" time="0.732"/>
  <system-out/>
  <testcase classname="Resincronizacion" name="EjecutarresincroPY" time="0.815"/>
  <system-out/>
  <testcase classname="Resincronizacion" name="CrearResincronizacionUY" time="0.791"/>
  <system-out/>
  <testcase classname="Resincronizacion" name="EjecutarresincroAR" time="0.747"/>
  <system-out/>
  <testcase classname="Resincronizacion" name="EjecutarresincroUY" time="0.749"/>
  <system-out/>
  <testcase classname="Resincronizacion" name="CrearResincosinPais" time="0.760"/>
  <system-out/>
  <testcase classname="Resincronizacion" name="CrearResincronizacionAR" time="0.769"/>
  <system-out/>
</testsuite> <!-- Resincronizacion -->
