<?xml version="1.0" encoding="UTF-8"?>
<!-- Generated by org.testng.reporters.JUnitReportReporter -->
<testsuite hostname="DESKTOP-DKGM47G" failures="0" tests="4" name="Deals" time="2.888" errors="0" timestamp="2022-08-23T16:52:17 ART" skipped="0">
  <testcase classname="Deals" name="CrearPOSTBeesPrice1" time="0.000"/>
  <system-out/>
  <testcase classname="Deals" name="ProcesarDealsAZURE" time="2.105"/>
  <system-out/>
  <testcase classname="Deals" name="GuardarDeal" time="0.783"/>
  <system-out/>
  <testcase classname="Deals" name="ValidarCreacionRegistroBandejaSalida" time="0.000"/>
  <system-out/>
</testsuite> <!-- Deals -->
